::1 - - [29/May/2024:10:27:12 -0500] "GET / HTTP/1.1" 200 201
::1 - - [29/May/2024:10:27:12 -0500] "GET /favicon.ico HTTP/1.1" 404 196
::1 - - [29/May/2024:10:27:14 -0500] "GET /VENTAS/ HTTP/1.1" 200 1761
::1 - - [29/May/2024:10:27:14 -0500] "GET /VENTAS/app/views/css/bulma.min.css HTTP/1.1" 200 207302
::1 - - [29/May/2024:10:27:14 -0500] "GET /VENTAS/app/views/css/all.css HTTP/1.1" 200 72670
::1 - - [29/May/2024:10:27:14 -0500] "GET /VENTAS/app/views/css/estilos.css HTTP/1.1" 200 7704
::1 - - [29/May/2024:10:27:14 -0500] "GET /VENTAS/app/views/css/sweetalert2.min.css HTTP/1.1" 200 23851
::1 - - [29/May/2024:10:27:14 -0500] "GET /VENTAS/app/views/js/main.js HTTP/1.1" 200 2277
::1 - - [29/May/2024:10:27:14 -0500] "GET /VENTAS/app/views/js/ajax.js HTTP/1.1" 200 3147
::1 - - [29/May/2024:10:27:14 -0500] "GET /VENTAS/app/views/js/sweetalert2.all.min.js HTTP/1.1" 200 68025
::1 - - [29/May/2024:10:27:15 -0500] "GET /VENTAS/app/views/webfonts/fa-solid-900.woff2 HTTP/1.1" 200 79444
::1 - - [29/May/2024:10:27:15 -0500] "GET /VENTAS/app/views/webfonts/roboto-regular.ttf HTTP/1.1" 200 51348
::1 - - [29/May/2024:10:27:32 -0500] "POST /VENTAS/ HTTP/1.1" 200 1733
::1 - - [29/May/2024:10:27:43 -0500] "GET /VENTAS/ HTTP/1.1" 200 1761
::1 - - [29/May/2024:10:28:43 -0500] "-" 408 -
::1 - - [29/May/2024:10:33:54 -0500] "GET / HTTP/1.1" 200 201
::1 - - [29/May/2024:10:33:56 -0500] "GET /VENTAS/ HTTP/1.1" 200 1761
::1 - - [29/May/2024:10:34:23 -0500] "GET /phpmyadmin HTTP/1.1" 403 199
::1 - - [29/May/2024:10:35:23 -0500] "-" 408 -
::1 - - [29/May/2024:10:36:50 -0500] "GET /phpmyadmin/ HTTP/1.1" 200 4600
::1 - - [29/May/2024:10:36:51 -0500] "GET /phpmyadmin/js/vendor/codemirror/lib/codemirror.css?v=5.2.1 HTTP/1.1" 200 8720
::1 - - [29/May/2024:10:36:51 -0500] "GET /phpmyadmin/js/vendor/codemirror/addon/hint/show-hint.css?v=5.2.1 HTTP/1.1" 200 649
::1 - - [29/May/2024:10:36:51 -0500] "GET /phpmyadmin/js/vendor/codemirror/addon/lint/lint.css?v=5.2.1 HTTP/1.1" 200 3035
::1 - - [29/May/2024:10:36:51 -0500] "GET /phpmyadmin/themes/pmahomme/css/theme.css?v=5.2.1 HTTP/1.1" 200 357367
::1 - - [29/May/2024:10:36:51 -0500] "GET /phpmyadmin/js/vendor/jquery/jquery-migrate.min.js?v=5.2.1 HTTP/1.1" 200 13467
::1 - - [29/May/2024:10:36:51 -0500] "GET /phpmyadmin/js/vendor/jquery/jquery.min.js?v=5.2.1 HTTP/1.1" 200 89947
::1 - - [29/May/2024:10:36:51 -0500] "GET /phpmyadmin/js/vendor/sprintf.js?v=5.2.1 HTTP/1.1" 200 7409
::1 - - [29/May/2024:10:36:51 -0500] "GET /phpmyadmin/js/dist/ajax.js?v=5.2.1 HTTP/1.1" 200 29948
::1 - - [29/May/2024:10:36:51 -0500] "GET /phpmyadmin/js/dist/keyhandler.js?v=5.2.1 HTTP/1.1" 200 2059
::1 - - [29/May/2024:10:36:51 -0500] "GET /phpmyadmin/js/dist/name-conflict-fixes.js?v=5.2.1 HTTP/1.1" 200 43
::1 - - [29/May/2024:10:36:51 -0500] "GET /phpmyadmin/js/vendor/js.cookie.js?v=5.2.1 HTTP/1.1" 200 3883
::1 - - [29/May/2024:10:36:51 -0500] "GET /phpmyadmin/js/vendor/bootstrap/bootstrap.bundle.min.js?v=5.2.1 HTTP/1.1" 200 80420
::1 - - [29/May/2024:10:36:51 -0500] "GET /phpmyadmin/js/vendor/jquery/jquery.debounce-1.0.6.js?v=5.2.1 HTTP/1.1" 200 1608
::1 - - [29/May/2024:10:36:51 -0500] "GET /phpmyadmin/js/vendor/jquery/jquery.validate.min.js?v=5.2.1 HTTP/1.1" 200 24601
::1 - - [29/May/2024:10:36:51 -0500] "GET /phpmyadmin/js/dist/menu_resizer.js?v=5.2.1 HTTP/1.1" 200 5729
::1 - - [29/May/2024:10:36:51 -0500] "GET /phpmyadmin/js/vendor/jquery/jquery-ui.min.js?v=5.2.1 HTTP/1.1" 200 255084
::1 - - [29/May/2024:10:36:51 -0500] "GET /phpmyadmin/js/vendor/jquery/jquery-ui-timepicker-addon.js?v=5.2.1 HTTP/1.1" 200 78475
::1 - - [29/May/2024:10:36:51 -0500] "GET /phpmyadmin/js/dist/cross_framing_protection.js?v=5.2.1 HTTP/1.1" 200 405
::1 - - [29/May/2024:10:36:51 -0500] "GET /phpmyadmin/js/dist/doclinks.js?v=5.2.1 HTTP/1.1" 200 18276
::1 - - [29/May/2024:10:36:51 -0500] "GET /phpmyadmin/js/dist/config.js?v=5.2.1 HTTP/1.1" 200 24059
::1 - - [29/May/2024:10:36:51 -0500] "GET /phpmyadmin/js/dist/functions.js?v=5.2.1 HTTP/1.1" 200 148069
::1 - - [29/May/2024:10:36:51 -0500] "GET /phpmyadmin/js/dist/navigation.js?v=5.2.1 HTTP/1.1" 200 51830
::1 - - [29/May/2024:10:36:51 -0500] "GET /phpmyadmin/js/dist/indexes.js?v=5.2.1 HTTP/1.1" 200 26962
::1 - - [29/May/2024:10:36:51 -0500] "GET /phpmyadmin/js/dist/common.js?v=5.2.1 HTTP/1.1" 200 4530
::1 - - [29/May/2024:10:36:51 -0500] "GET /phpmyadmin/js/dist/page_settings.js?v=5.2.1 HTTP/1.1" 200 1818
::1 - - [29/May/2024:10:36:51 -0500] "GET /phpmyadmin/js/vendor/codemirror/addon/runmode/runmode.js?v=5.2.1 HTTP/1.1" 200 2777
::1 - - [29/May/2024:10:36:51 -0500] "GET /phpmyadmin/js/vendor/codemirror/mode/sql/sql.js?v=5.2.1 HTTP/1.1" 200 59564
::1 - - [29/May/2024:10:36:51 -0500] "GET /phpmyadmin/js/vendor/codemirror/addon/hint/show-hint.js?v=5.2.1 HTTP/1.1" 200 19792
::1 - - [29/May/2024:10:36:51 -0500] "GET /phpmyadmin/js/vendor/codemirror/lib/codemirror.js?v=5.2.1 HTTP/1.1" 200 401653
::1 - - [29/May/2024:10:36:51 -0500] "GET /phpmyadmin/js/vendor/codemirror/addon/lint/lint.js?v=5.2.1 HTTP/1.1" 200 9987
::1 - - [29/May/2024:10:36:51 -0500] "GET /phpmyadmin/js/vendor/codemirror/addon/hint/sql-hint.js?v=5.2.1 HTTP/1.1" 200 9560
::1 - - [29/May/2024:10:36:51 -0500] "GET /phpmyadmin/js/dist/error_report.js?v=5.2.1 HTTP/1.1" 200 9264
::1 - - [29/May/2024:10:36:51 -0500] "GET /phpmyadmin/js/dist/codemirror/addon/lint/sql-lint.js?v=5.2.1 HTTP/1.1" 200 940
::1 - - [29/May/2024:10:36:51 -0500] "GET /phpmyadmin/js/vendor/tracekit.js?v=5.2.1 HTTP/1.1" 200 47128
::1 - - [29/May/2024:10:36:51 -0500] "GET /phpmyadmin/js/dist/shortcuts_handler.js?v=5.2.1 HTTP/1.1" 200 3303
::1 - - [29/May/2024:10:36:51 -0500] "GET /phpmyadmin/js/dist/console.js?v=5.2.1 HTTP/1.1" 200 49548
::1 - - [29/May/2024:10:36:51 -0500] "GET /phpmyadmin/js/dist/drag_drop_import.js?v=5.2.1 HTTP/1.1" 200 12431
::1 - - [29/May/2024:10:36:51 -0500] "GET /phpmyadmin/themes/pmahomme/img/logo_right.png HTTP/1.1" 200 4306
::1 - - [29/May/2024:10:36:51 -0500] "GET /phpmyadmin/js/messages.php?l=es&v=5.2.1&lang=es HTTP/1.1" 200 8971
::1 - - [29/May/2024:10:37:12 -0500] "GET /phpmyadmin/ HTTP/1.1" 200 4577
::1 - - [29/May/2024:10:37:13 -0500] "GET /phpmyadmin/js/messages.php?l=es&v=5.2.1 HTTP/1.1" 200 8971
::1 - - [29/May/2024:10:37:26 -0500] "POST /phpmyadmin/index.php?route=/ HTTP/1.1" 302 20
::1 - - [29/May/2024:10:37:27 -0500] "GET /phpmyadmin/index.php?route=/&route=%2F HTTP/1.1" 200 17898
::1 - - [29/May/2024:10:37:27 -0500] "GET /phpmyadmin/js/vendor/codemirror/lib/codemirror.css?v=5.2.1 HTTP/1.1" 304 -
::1 - - [29/May/2024:10:37:27 -0500] "GET /phpmyadmin/js/vendor/codemirror/addon/hint/show-hint.css?v=5.2.1 HTTP/1.1" 304 -
::1 - - [29/May/2024:10:37:27 -0500] "GET /phpmyadmin/js/vendor/codemirror/addon/lint/lint.css?v=5.2.1 HTTP/1.1" 304 -
::1 - - [29/May/2024:10:37:27 -0500] "GET /phpmyadmin/themes/pmahomme/css/theme.css?v=5.2.1 HTTP/1.1" 304 -
::1 - - [29/May/2024:10:37:27 -0500] "GET /phpmyadmin/js/vendor/jquery/jquery.min.js?v=5.2.1 HTTP/1.1" 304 -
::1 - - [29/May/2024:10:37:27 -0500] "GET /phpmyadmin/js/vendor/jquery/jquery-migrate.min.js?v=5.2.1 HTTP/1.1" 304 -
::1 - - [29/May/2024:10:37:27 -0500] "GET /phpmyadmin/js/vendor/sprintf.js?v=5.2.1 HTTP/1.1" 304 -
::1 - - [29/May/2024:10:37:27 -0500] "GET /phpmyadmin/js/dist/ajax.js?v=5.2.1 HTTP/1.1" 304 -
::1 - - [29/May/2024:10:37:27 -0500] "GET /phpmyadmin/js/dist/keyhandler.js?v=5.2.1 HTTP/1.1" 304 -
::1 - - [29/May/2024:10:37:27 -0500] "GET /phpmyadmin/js/vendor/jquery/jquery-ui.min.js?v=5.2.1 HTTP/1.1" 304 -
::1 - - [29/May/2024:10:37:27 -0500] "GET /phpmyadmin/js/dist/home.js?v=5.2.1 HTTP/1.1" 200 5275
::1 - - [29/May/2024:10:37:27 -0500] "GET /phpmyadmin/js/dist/name-conflict-fixes.js?v=5.2.1 HTTP/1.1" 304 -
::1 - - [29/May/2024:10:37:27 -0500] "GET /phpmyadmin/js/vendor/bootstrap/bootstrap.bundle.min.js?v=5.2.1 HTTP/1.1" 304 -
::1 - - [29/May/2024:10:37:27 -0500] "GET /phpmyadmin/js/vendor/js.cookie.js?v=5.2.1 HTTP/1.1" 304 -
::1 - - [29/May/2024:10:37:27 -0500] "GET /phpmyadmin/js/vendor/jquery/jquery.validate.min.js?v=5.2.1 HTTP/1.1" 304 -
::1 - - [29/May/2024:10:37:27 -0500] "GET /phpmyadmin/js/vendor/jquery/jquery-ui-timepicker-addon.js?v=5.2.1 HTTP/1.1" 304 -
::1 - - [29/May/2024:10:37:27 -0500] "GET /phpmyadmin/js/vendor/jquery/jquery.debounce-1.0.6.js?v=5.2.1 HTTP/1.1" 304 -
::1 - - [29/May/2024:10:37:27 -0500] "GET /phpmyadmin/js/dist/menu_resizer.js?v=5.2.1 HTTP/1.1" 304 -
::1 - - [29/May/2024:10:37:27 -0500] "GET /phpmyadmin/js/dist/cross_framing_protection.js?v=5.2.1 HTTP/1.1" 304 -
::1 - - [29/May/2024:10:37:27 -0500] "GET /phpmyadmin/js/dist/config.js?v=5.2.1 HTTP/1.1" 304 -
::1 - - [29/May/2024:10:37:27 -0500] "GET /phpmyadmin/js/dist/doclinks.js?v=5.2.1 HTTP/1.1" 304 -
::1 - - [29/May/2024:10:37:27 -0500] "GET /phpmyadmin/js/dist/functions.js?v=5.2.1 HTTP/1.1" 304 -
::1 - - [29/May/2024:10:37:27 -0500] "GET /phpmyadmin/js/dist/navigation.js?v=5.2.1 HTTP/1.1" 304 -
::1 - - [29/May/2024:10:37:27 -0500] "GET /phpmyadmin/js/dist/indexes.js?v=5.2.1 HTTP/1.1" 304 -
::1 - - [29/May/2024:10:37:27 -0500] "GET /phpmyadmin/js/dist/common.js?v=5.2.1 HTTP/1.1" 304 -
::1 - - [29/May/2024:10:37:27 -0500] "GET /phpmyadmin/js/dist/page_settings.js?v=5.2.1 HTTP/1.1" 304 -
::1 - - [29/May/2024:10:37:27 -0500] "GET /phpmyadmin/js/vendor/codemirror/lib/codemirror.js?v=5.2.1 HTTP/1.1" 304 -
::1 - - [29/May/2024:10:37:27 -0500] "GET /phpmyadmin/js/vendor/codemirror/mode/sql/sql.js?v=5.2.1 HTTP/1.1" 304 -
::1 - - [29/May/2024:10:37:27 -0500] "GET /phpmyadmin/js/vendor/codemirror/addon/runmode/runmode.js?v=5.2.1 HTTP/1.1" 304 -
::1 - - [29/May/2024:10:37:27 -0500] "GET /phpmyadmin/js/vendor/codemirror/addon/hint/show-hint.js?v=5.2.1 HTTP/1.1" 304 -
::1 - - [29/May/2024:10:37:27 -0500] "GET /phpmyadmin/js/vendor/codemirror/addon/hint/sql-hint.js?v=5.2.1 HTTP/1.1" 304 -
::1 - - [29/May/2024:10:37:27 -0500] "GET /phpmyadmin/js/vendor/codemirror/addon/lint/lint.js?v=5.2.1 HTTP/1.1" 304 -
::1 - - [29/May/2024:10:37:27 -0500] "GET /phpmyadmin/js/dist/codemirror/addon/lint/sql-lint.js?v=5.2.1 HTTP/1.1" 304 -
::1 - - [29/May/2024:10:37:27 -0500] "GET /phpmyadmin/js/vendor/tracekit.js?v=5.2.1 HTTP/1.1" 304 -
::1 - - [29/May/2024:10:37:27 -0500] "GET /phpmyadmin/js/dist/error_report.js?v=5.2.1 HTTP/1.1" 304 -
::1 - - [29/May/2024:10:37:27 -0500] "GET /phpmyadmin/js/dist/drag_drop_import.js?v=5.2.1 HTTP/1.1" 304 -
::1 - - [29/May/2024:10:37:27 -0500] "GET /phpmyadmin/js/dist/shortcuts_handler.js?v=5.2.1 HTTP/1.1" 304 -
::1 - - [29/May/2024:10:37:27 -0500] "GET /phpmyadmin/js/dist/console.js?v=5.2.1 HTTP/1.1" 304 -
::1 - - [29/May/2024:10:37:27 -0500] "GET /phpmyadmin/themes/pmahomme/img/s_collapseall.png HTTP/1.1" 200 143
::1 - - [29/May/2024:10:37:27 -0500] "GET /phpmyadmin/themes/pmahomme/img/s_passwd.png HTTP/1.1" 200 331
::1 - - [29/May/2024:10:37:27 -0500] "GET /phpmyadmin/themes/pmahomme/img/s_attention.png HTTP/1.1" 200 567
::1 - - [29/May/2024:10:37:27 -0500] "POST /phpmyadmin/index.php?route=/config/get HTTP/1.1" 200 1547
::1 - - [29/May/2024:10:37:27 -0500] "POST /phpmyadmin/index.php?route=/navigation&ajax_request=1 HTTP/1.1" 200 2262
::1 - - [29/May/2024:10:37:27 -0500] "POST /phpmyadmin/index.php?route=/config/get HTTP/1.1" 200 1639
::1 - - [29/May/2024:10:37:27 -0500] "POST /phpmyadmin/index.php?route=/version-check HTTP/1.1" 200 64
::1 - - [29/May/2024:10:37:28 -0500] "POST /phpmyadmin/index.php?route=/config/set HTTP/1.1" 200 1538
::1 - - [29/May/2024:10:37:33 -0500] "GET /phpmyadmin/index.php?route=/server/databases&ajax_request=true&ajax_page_request=true&_nocache=1716997053019481025&token=596a672c5f3e6c5d226a2d6d6267326f HTTP/1.1" 200 7826
::1 - - [29/May/2024:10:37:33 -0500] "GET /phpmyadmin/js/dist/server/databases.js?v=5.2.1 HTTP/1.1" 200 4659
::1 - - [29/May/2024:10:37:41 -0500] "GET /phpmyadmin/themes/pmahomme/img/s_tbl.png HTTP/1.1" 200 645
::1 - - [29/May/2024:10:37:45 -0500] "POST /phpmyadmin/index.php?route=/config/set HTTP/1.1" 200 1538
::1 - - [29/May/2024:10:37:52 -0500] "POST /phpmyadmin/index.php?route=/config/set HTTP/1.1" 200 1538
::1 - - [29/May/2024:10:38:01 -0500] "POST /phpmyadmin/index.php?route=/config/set HTTP/1.1" 200 1538
::1 - - [29/May/2024:10:38:09 -0500] "GET /phpmyadmin/index.php?route=/server/databases&ajax_request=true&ajax_page_request=true&_nocache=1716997089918949080&token=596a672c5f3e6c5d226a2d6d6267326f HTTP/1.1" 200 7826
::1 - - [29/May/2024:10:39:12 -0500] "POST /phpmyadmin/index.php?route=/server/databases/create HTTP/1.1" 200 1953
::1 - - [29/May/2024:10:39:12 -0500] "GET /phpmyadmin/index.php?route=/database/structure&db=ventas&ajax_request=true&ajax_page_request=true&_nocache=1716997152297117556&token=596a672c5f3e6c5d226a2d6d6267326f HTTP/1.1" 200 3309
::1 - - [29/May/2024:10:39:12 -0500] "GET /phpmyadmin/js/dist/database/structure.js?v=5.2.1 HTTP/1.1" 200 14685
::1 - - [29/May/2024:10:39:12 -0500] "GET /phpmyadmin/js/dist/table/change.js?v=5.2.1 HTTP/1.1" 200 29082
::1 - - [29/May/2024:10:39:12 -0500] "POST /phpmyadmin/index.php?route=/navigation&ajax_request=1 HTTP/1.1" 200 2297
::1 - - [29/May/2024:10:39:12 -0500] "POST /phpmyadmin/index.php?route=/navigation&ajax_request=1 HTTP/1.1" 200 1564
::1 - - [29/May/2024:10:39:20 -0500] "GET /phpmyadmin/index.php?route=/database/import&db=ventas&ajax_request=true&ajax_page_request=true&_nocache=1716997160671627800&token=596a672c5f3e6c5d226a2d6d6267326f HTTP/1.1" 200 7379
::1 - - [29/May/2024:10:39:21 -0500] "GET /phpmyadmin/js/dist/import.js?v=5.2.1 HTTP/1.1" 200 5630
::1 - - [29/May/2024:10:40:05 -0500] "POST /phpmyadmin/index.php?route=/import HTTP/1.1" 200 15827
::1 - - [29/May/2024:10:40:06 -0500] "GET /phpmyadmin/js/vendor/codemirror/lib/codemirror.css?v=5.2.1 HTTP/1.1" 304 -
::1 - - [29/May/2024:10:40:06 -0500] "GET /phpmyadmin/js/vendor/codemirror/addon/hint/show-hint.css?v=5.2.1 HTTP/1.1" 304 -
::1 - - [29/May/2024:10:40:06 -0500] "GET /phpmyadmin/js/vendor/codemirror/addon/lint/lint.css?v=5.2.1 HTTP/1.1" 304 -
::1 - - [29/May/2024:10:40:06 -0500] "GET /phpmyadmin/themes/pmahomme/css/theme.css?v=5.2.1 HTTP/1.1" 304 -
::1 - - [29/May/2024:10:40:06 -0500] "GET /phpmyadmin/js/vendor/jquery/jquery.min.js?v=5.2.1 HTTP/1.1" 304 -
::1 - - [29/May/2024:10:40:06 -0500] "GET /phpmyadmin/js/vendor/jquery/jquery-migrate.min.js?v=5.2.1 HTTP/1.1" 304 -
::1 - - [29/May/2024:10:40:06 -0500] "GET /phpmyadmin/js/vendor/sprintf.js?v=5.2.1 HTTP/1.1" 304 -
::1 - - [29/May/2024:10:40:06 -0500] "GET /phpmyadmin/js/dist/ajax.js?v=5.2.1 HTTP/1.1" 304 -
::1 - - [29/May/2024:10:40:06 -0500] "GET /phpmyadmin/js/dist/keyhandler.js?v=5.2.1 HTTP/1.1" 304 -
::1 - - [29/May/2024:10:40:06 -0500] "GET /phpmyadmin/js/vendor/jquery/jquery-ui.min.js?v=5.2.1 HTTP/1.1" 304 -
::1 - - [29/May/2024:10:40:06 -0500] "GET /phpmyadmin/js/dist/name-conflict-fixes.js?v=5.2.1 HTTP/1.1" 304 -
::1 - - [29/May/2024:10:40:06 -0500] "GET /phpmyadmin/js/vendor/bootstrap/bootstrap.bundle.min.js?v=5.2.1 HTTP/1.1" 304 -
::1 - - [29/May/2024:10:40:06 -0500] "GET /phpmyadmin/js/vendor/js.cookie.js?v=5.2.1 HTTP/1.1" 304 -
::1 - - [29/May/2024:10:40:06 -0500] "GET /phpmyadmin/js/vendor/jquery/jquery.validate.min.js?v=5.2.1 HTTP/1.1" 304 -
::1 - - [29/May/2024:10:40:06 -0500] "GET /phpmyadmin/js/vendor/jquery/jquery-ui-timepicker-addon.js?v=5.2.1 HTTP/1.1" 304 -
::1 - - [29/May/2024:10:40:06 -0500] "GET /phpmyadmin/js/vendor/jquery/jquery.debounce-1.0.6.js?v=5.2.1 HTTP/1.1" 304 -
::1 - - [29/May/2024:10:40:06 -0500] "GET /phpmyadmin/js/dist/menu_resizer.js?v=5.2.1 HTTP/1.1" 304 -
::1 - - [29/May/2024:10:40:06 -0500] "GET /phpmyadmin/js/dist/cross_framing_protection.js?v=5.2.1 HTTP/1.1" 304 -
::1 - - [29/May/2024:10:40:06 -0500] "GET /phpmyadmin/js/dist/config.js?v=5.2.1 HTTP/1.1" 304 -
::1 - - [29/May/2024:10:40:06 -0500] "GET /phpmyadmin/js/dist/doclinks.js?v=5.2.1 HTTP/1.1" 304 -
::1 - - [29/May/2024:10:40:06 -0500] "GET /phpmyadmin/js/dist/functions.js?v=5.2.1 HTTP/1.1" 304 -
::1 - - [29/May/2024:10:40:06 -0500] "GET /phpmyadmin/js/dist/navigation.js?v=5.2.1 HTTP/1.1" 304 -
::1 - - [29/May/2024:10:40:06 -0500] "GET /phpmyadmin/js/dist/indexes.js?v=5.2.1 HTTP/1.1" 304 -
::1 - - [29/May/2024:10:40:06 -0500] "GET /phpmyadmin/js/dist/common.js?v=5.2.1 HTTP/1.1" 304 -
::1 - - [29/May/2024:10:40:06 -0500] "GET /phpmyadmin/js/dist/page_settings.js?v=5.2.1 HTTP/1.1" 304 -
::1 - - [29/May/2024:10:40:06 -0500] "GET /phpmyadmin/js/vendor/codemirror/lib/codemirror.js?v=5.2.1 HTTP/1.1" 304 -
::1 - - [29/May/2024:10:40:06 -0500] "GET /phpmyadmin/js/vendor/codemirror/mode/sql/sql.js?v=5.2.1 HTTP/1.1" 304 -
::1 - - [29/May/2024:10:40:06 -0500] "GET /phpmyadmin/js/vendor/codemirror/addon/runmode/runmode.js?v=5.2.1 HTTP/1.1" 304 -
::1 - - [29/May/2024:10:40:06 -0500] "GET /phpmyadmin/js/vendor/codemirror/addon/hint/show-hint.js?v=5.2.1 HTTP/1.1" 304 -
::1 - - [29/May/2024:10:40:06 -0500] "GET /phpmyadmin/js/vendor/codemirror/addon/hint/sql-hint.js?v=5.2.1 HTTP/1.1" 304 -
::1 - - [29/May/2024:10:40:06 -0500] "GET /phpmyadmin/js/vendor/codemirror/addon/lint/lint.js?v=5.2.1 HTTP/1.1" 304 -
::1 - - [29/May/2024:10:40:06 -0500] "GET /phpmyadmin/js/dist/codemirror/addon/lint/sql-lint.js?v=5.2.1 HTTP/1.1" 304 -
::1 - - [29/May/2024:10:40:06 -0500] "GET /phpmyadmin/js/vendor/tracekit.js?v=5.2.1 HTTP/1.1" 304 -
::1 - - [29/May/2024:10:40:06 -0500] "GET /phpmyadmin/js/dist/error_report.js?v=5.2.1 HTTP/1.1" 304 -
::1 - - [29/May/2024:10:40:06 -0500] "GET /phpmyadmin/js/dist/drag_drop_import.js?v=5.2.1 HTTP/1.1" 304 -
::1 - - [29/May/2024:10:40:06 -0500] "GET /phpmyadmin/js/dist/shortcuts_handler.js?v=5.2.1 HTTP/1.1" 304 -
::1 - - [29/May/2024:10:40:06 -0500] "GET /phpmyadmin/js/dist/console.js?v=5.2.1 HTTP/1.1" 304 -
::1 - - [29/May/2024:10:40:06 -0500] "POST /phpmyadmin/index.php?route=/config/get HTTP/1.1" 200 1549
::1 - - [29/May/2024:10:40:06 -0500] "POST /phpmyadmin/index.php?route=/navigation&ajax_request=1 HTTP/1.1" 200 2800
::1 - - [29/May/2024:10:40:06 -0500] "POST /phpmyadmin/index.php?route=/config/get HTTP/1.1" 200 1640
::1 - - [29/May/2024:10:40:07 -0500] "POST /phpmyadmin/index.php?route=/config/set HTTP/1.1" 200 1540
::1 - - [29/May/2024:10:40:18 -0500] "GET / HTTP/1.1" 200 201
::1 - - [29/May/2024:10:40:20 -0500] "GET /VENTAS/ HTTP/1.1" 200 1761
::1 - - [29/May/2024:10:40:29 -0500] "POST /VENTAS/ HTTP/1.1" 200 1971
::1 - - [29/May/2024:10:40:43 -0500] "POST /VENTAS/ HTTP/1.1" 302 1761
::1 - - [29/May/2024:10:40:43 -0500] "GET /VENTAS/app/views/fotos/default.png.png HTTP/1.1" 200 376416
::1 - - [29/May/2024:10:40:43 -0500] "GET /VENTAS/app/views/webfonts/oswald-light.ttf HTTP/1.1" 200 47080
::1 - - [29/May/2024:10:40:43 -0500] "GET /VENTAS/app/views/webfonts/fa-brands-400.woff2 HTTP/1.1" 200 76612
::1 - - [29/May/2024:10:40:43 -0500] "GET /VENTAS/app/views/webfonts/robotocondensed-light.ttf HTTP/1.1" 200 52296
::1 - - [29/May/2024:10:40:43 -0500] "GET /VENTAS/dashboard/ HTTP/1.1" 200 15141
::1 - - [29/May/2024:10:40:43 -0500] "GET /VENTAS/app/views/fotos/default.png HTTP/1.1" 200 10255
::1 - - [29/May/2024:10:40:59 -0500] "GET /VENTAS/cashierNew/ HTTP/1.1" 200 14640
::1 - - [29/May/2024:10:40:59 -0500] "GET /VENTAS/app/views/webfonts/fa-regular-400.woff2 HTTP/1.1" 200 13584
::1 - - [29/May/2024:10:41:36 -0500] "POST /VENTAS/app/ajax/cajaAjax.php HTTP/1.1" 200 113
::1 - - [29/May/2024:10:41:42 -0500] "GET /VENTAS/cashierList/ HTTP/1.1" 200 16336
::1 - - [29/May/2024:10:41:48 -0500] "GET /VENTAS/cashierUpdate/2/ HTTP/1.1" 200 15039
::1 - - [29/May/2024:10:41:58 -0500] "POST /VENTAS/app/ajax/cajaAjax.php HTTP/1.1" 200 135
::1 - - [29/May/2024:10:42:00 -0500] "GET /VENTAS/cashierUpdate/2/ HTTP/1.1" 200 15039
::1 - - [29/May/2024:10:42:14 -0500] "GET /VENTAS/cashierList/ HTTP/1.1" 200 16336
::1 - - [29/May/2024:10:42:24 -0500] "GET /VENTAS/cashierUpdate/1/ HTTP/1.1" 200 15057
::1 - - [29/May/2024:10:42:41 -0500] "POST /VENTAS/app/ajax/cajaAjax.php HTTP/1.1" 200 144
::1 - - [29/May/2024:10:42:42 -0500] "GET /VENTAS/cashierUpdate/1/ HTTP/1.1" 200 15057
::1 - - [29/May/2024:10:42:45 -0500] "GET /VENTAS/cashierList/ HTTP/1.1" 200 16336
::1 - - [29/May/2024:10:43:00 -0500] "GET /VENTAS/userNew/ HTTP/1.1" 200 15504
::1 - - [29/May/2024:10:44:00 -0500] "-" 408 -
::1 - - [29/May/2024:10:44:08 -0500] "POST /VENTAS/app/ajax/usuarioAjax.php HTTP/1.1" 200 466
::1 - - [29/May/2024:10:44:16 -0500] "GET /VENTAS/userList/ HTTP/1.1" 200 14050
::1 - - [29/May/2024:10:44:28 -0500] "GET /VENTAS/userSearch/ HTTP/1.1" 200 14054
::1 - - [29/May/2024:10:44:36 -0500] "POST /VENTAS/app/ajax/buscadorAjax.php HTTP/1.1" 200 73
::1 - - [29/May/2024:10:44:36 -0500] "GET /VENTAS/userSearch/ HTTP/1.1" 200 14618
::1 - - [29/May/2024:10:44:43 -0500] "POST /VENTAS/app/ajax/buscadorAjax.php HTTP/1.1" 200 73
::1 - - [29/May/2024:10:44:44 -0500] "GET /VENTAS/userSearch/ HTTP/1.1" 200 14054
::1 - - [29/May/2024:10:45:44 -0500] "-" 408 -
::1 - - [29/May/2024:10:46:03 -0500] "GET /VENTAS/companyNew/ HTTP/1.1" 200 14828
::1 - - [29/May/2024:10:46:12 -0500] "GET /VENTAS/userUpdate/1/ HTTP/1.1" 200 17374
::1 - - [29/May/2024:10:46:37 -0500] "GET /VENTAS/clientNew/ HTTP/1.1" 200 16715
::1 - - [29/May/2024:10:47:37 -0500] "-" 408 -
::1 - - [29/May/2024:10:48:11 -0500] "POST /VENTAS/app/ajax/clienteAjax.php HTTP/1.1" 200 122
::1 - - [29/May/2024:10:48:29 -0500] "GET /VENTAS/clientList/ HTTP/1.1" 200 15524
::1 - - [29/May/2024:10:48:47 -0500] "GET /VENTAS/categoryNew/ HTTP/1.1" 200 15000
::1 - - [29/May/2024:10:49:25 -0500] "POST /VENTAS/app/ajax/categoriaAjax.php HTTP/1.1" 200 131
::1 - - [29/May/2024:10:49:34 -0500] "GET /VENTAS/categoryList/ HTTP/1.1" 200 15751
::1 - - [29/May/2024:10:50:00 -0500] "GET /VENTAS/productNew/ HTTP/1.1" 200 17112
::1 - - [29/May/2024:10:51:00 -0500] "-" 408 -
::1 - - [29/May/2024:10:52:04 -0500] "POST /VENTAS/app/ajax/productoAjax.php HTTP/1.1" 200 441
::1 - - [29/May/2024:10:52:17 -0500] "GET /VENTAS/productList/ HTTP/1.1" 200 15741
::1 - - [29/May/2024:10:52:17 -0500] "GET /VENTAS/app/views/productos/default.png HTTP/1.1" 200 15825
::1 - - [29/May/2024:10:52:37 -0500] "GET /VENTAS/productCategory/ HTTP/1.1" 200 13711
::1 - - [29/May/2024:10:52:43 -0500] "GET /VENTAS/productCategory/1/ HTTP/1.1" 200 16227
::1 - - [29/May/2024:10:52:52 -0500] "GET /VENTAS/saleNew/ HTTP/1.1" 200 24405
::1 - - [29/May/2024:10:52:57 -0500] "GET /VENTAS/companyNew/ HTTP/1.1" 200 14828
::1 - - [29/May/2024:10:53:52 -0500] "-" 408 -
::1 - - [29/May/2024:10:53:58 -0500] "POST /VENTAS/app/ajax/empresaAjax.php HTTP/1.1" 200 126
::1 - - [29/May/2024:10:54:00 -0500] "GET /VENTAS/companyNew/ HTTP/1.1" 200 14887
::1 - - [29/May/2024:10:54:12 -0500] "GET /VENTAS/saleList/ HTTP/1.1" 200 14405
::1 - - [29/May/2024:10:54:17 -0500] "GET /VENTAS/saleNew/ HTTP/1.1" 200 29406
::1 - - [29/May/2024:10:54:29 -0500] "POST /VENTAS/app/ajax/ventaAjax.php HTTP/1.1" 200 153
::1 - - [29/May/2024:10:54:43 -0500] "GET /VENTAS/productList/ HTTP/1.1" 200 15741
::1 - - [29/May/2024:10:54:55 -0500] "GET /VENTAS/saleNew/ HTTP/1.1" 200 29406
::1 - - [29/May/2024:10:54:58 -0500] "POST /VENTAS/app/ajax/ventaAjax.php HTTP/1.1" 200 70
::1 - - [29/May/2024:10:54:58 -0500] "GET /VENTAS/saleNew/ HTTP/1.1" 200 31967
::1 - - [29/May/2024:10:55:10 -0500] "POST /VENTAS/app/ajax/ventaAjax.php HTTP/1.1" 200 70
::1 - - [29/May/2024:10:55:10 -0500] "GET /VENTAS/saleNew/ HTTP/1.1" 200 32012
::1 - - [29/May/2024:10:55:15 -0500] "POST /VENTAS/app/ajax/ventaAjax.php HTTP/1.1" 200 155
::1 - - [29/May/2024:10:55:32 -0500] "POST /VENTAS/app/ajax/ventaAjax.php HTTP/1.1" 200 70
::1 - - [29/May/2024:10:55:32 -0500] "GET /VENTAS/saleNew/ HTTP/1.1" 200 32012
::1 - - [29/May/2024:10:56:24 -0500] "POST /VENTAS/app/ajax/ventaAjax.php HTTP/1.1" 200 70
::1 - - [29/May/2024:10:56:24 -0500] "GET /VENTAS/saleNew/ HTTP/1.1" 200 32006
::1 - - [29/May/2024:10:56:51 -0500] "POST /VENTAS/app/ajax/ventaAjax.php HTTP/1.1" 200 137
::1 - - [29/May/2024:10:56:52 -0500] "GET /VENTAS/saleNew/ HTTP/1.1" 200 30755
::1 - - [29/May/2024:10:56:58 -0500] "GET /VENTAS/app/pdf/ticket.php?code=Y1X4H8W2J8-1 HTTP/1.1" 200 2427
::1 - - [29/May/2024:10:57:27 -0500] "GET /VENTAS/app/views/img/logo.png HTTP/1.1" 200 60850
::1 - - [29/May/2024:10:57:27 -0500] "GET /VENTAS/app/pdf/invoice.php?code=Y1X4H8W2J8-1 HTTP/1.1" 200 59328
::1 - - [29/May/2024:10:57:48 -0500] "POST /VENTAS/app/ajax/ventaAjax.php HTTP/1.1" 200 70
::1 - - [29/May/2024:10:57:48 -0500] "GET /VENTAS/saleNew/ HTTP/1.1" 200 31967
::1 - - [29/May/2024:10:58:02 -0500] "POST /VENTAS/app/ajax/ventaAjax.php HTTP/1.1" 200 393
::1 - - [29/May/2024:10:58:12 -0500] "GET /VENTAS/clientList/ HTTP/1.1" 200 15524
::1 - - [29/May/2024:10:58:21 -0500] "GET /VENTAS/saleNew/ HTTP/1.1" 200 31788
::1 - - [29/May/2024:10:58:28 -0500] "POST /VENTAS/app/ajax/ventaAjax.php HTTP/1.1" 200 401
::1 - - [29/May/2024:10:58:32 -0500] "POST /VENTAS/app/ajax/ventaAjax.php HTTP/1.1" 200 401
::1 - - [29/May/2024:10:58:40 -0500] "GET /VENTAS/clientList/ HTTP/1.1" 200 15524
::1 - - [29/May/2024:10:58:50 -0500] "GET /VENTAS/saleNew/ HTTP/1.1" 200 31788
::1 - - [29/May/2024:10:58:57 -0500] "POST /VENTAS/app/ajax/ventaAjax.php HTTP/1.1" 200 569
::1 - - [29/May/2024:10:59:03 -0500] "POST /VENTAS/app/ajax/ventaAjax.php HTTP/1.1" 200 132
::1 - - [29/May/2024:10:59:04 -0500] "GET /VENTAS/saleNew/ HTTP/1.1" 200 31771
::1 - - [29/May/2024:10:59:14 -0500] "POST /VENTAS/app/ajax/ventaAjax.php HTTP/1.1" 200 137
::1 - - [29/May/2024:10:59:15 -0500] "GET /VENTAS/saleNew/ HTTP/1.1" 200 30755
::1 - - [29/May/2024:10:59:18 -0500] "GET /VENTAS/app/pdf/ticket.php?code=O6Q5M8U9S8-2 HTTP/1.1" 200 2467
::1 - - [29/May/2024:11:00:15 -0500] "-" 408 -
::1 - - [29/May/2024:11:08:04 -0500] "GET /VENTAS/app/pdf/ticket.php?code=O6Q5M8U9S8-2 HTTP/1.1" 200 2467
::1 - - [29/May/2024:11:08:29 -0500] "GET /VENTAS/dashboard/ HTTP/1.1" 200 15141
::1 - - [29/May/2024:11:08:34 -0500] "GET /VENTAS/cashierList/ HTTP/1.1" 200 16341
::1 - - [29/May/2024:11:08:46 -0500] "GET /VENTAS/cashierList/ HTTP/1.1" 200 16341
::1 - - [29/May/2024:11:08:55 -0500] "GET /VENTAS/cashierSearch/ HTTP/1.1" 200 14049
::1 - - [29/May/2024:11:09:00 -0500] "GET /VENTAS/cashierList/ HTTP/1.1" 200 16341
::1 - - [29/May/2024:11:09:05 -0500] "GET /VENTAS/cashierSearch/ HTTP/1.1" 200 14049
::1 - - [29/May/2024:11:09:09 -0500] "POST /VENTAS/app/ajax/buscadorAjax.php HTTP/1.1" 200 76
::1 - - [29/May/2024:11:09:09 -0500] "GET /VENTAS/cashierSearch/ HTTP/1.1" 200 16060
::1 - - [29/May/2024:11:09:16 -0500] "GET /VENTAS/userList/ HTTP/1.1" 200 14050
::1 - - [29/May/2024:11:09:22 -0500] "GET /VENTAS/clientList/ HTTP/1.1" 200 15524
::1 - - [29/May/2024:11:09:29 -0500] "GET /VENTAS/categoryList/ HTTP/1.1" 200 15751
::1 - - [29/May/2024:11:09:54 -0500] "GET /VENTAS/categoryList/ HTTP/1.1" 200 15751
::1 - - [29/May/2024:11:10:06 -0500] "GET /VENTAS/categoryNew/ HTTP/1.1" 200 15000
::1 - - [29/May/2024:11:11:03 -0500] "GET /VENTAS/productList/ HTTP/1.1" 200 15741
::1 - - [29/May/2024:11:11:13 -0500] "GET /VENTAS/productNew/ HTTP/1.1" 200 17112
::1 - - [29/May/2024:11:11:27 -0500] "GET /VENTAS/saleList/ HTTP/1.1" 200 18556
::1 - - [29/May/2024:11:12:27 -0500] "-" 408 -
::1 - - [29/May/2024:15:14:00 -0500] "GET /VENTAS/app/views/css/all.css HTTP/1.1" 304 -
::1 - - [29/May/2024:15:14:00 -0500] "GET /VENTAS/app/views/css/estilos.css HTTP/1.1" 304 -
::1 - - [29/May/2024:15:14:00 -0500] "GET /VENTAS/app/views/fotos/default.png.png HTTP/1.1" 304 -
::1 - - [29/May/2024:15:14:00 -0500] "GET /VENTAS/saleList/ HTTP/1.1" 200 18556
::1 - - [29/May/2024:15:14:07 -0500] "GET /VENTAS/cashierList/ HTTP/1.1" 200 16341
::1 - - [29/May/2024:15:14:09 -0500] "GET /VENTAS/userList/ HTTP/1.1" 200 14050
::1 - - [29/May/2024:15:14:11 -0500] "GET /VENTAS/userNew/ HTTP/1.1" 200 15504
::1 - - [29/May/2024:15:15:07 -0500] "-" 408 -
::1 - - [29/May/2024:15:15:36 -0500] "POST /VENTAS/app/ajax/usuarioAjax.php HTTP/1.1" 200 466
::1 - - [29/May/2024:15:15:41 -0500] "POST /VENTAS/app/ajax/usuarioAjax.php HTTP/1.1" 200 466
::1 - - [29/May/2024:15:15:44 -0500] "GET /VENTAS/userList/ HTTP/1.1" 200 14050
::1 - - [29/May/2024:15:39:39 -0500] "GET /VENTAS/userList/ HTTP/1.1" 200 14105
::1 - - [29/May/2024:15:39:41 -0500] "GET /VENTAS/userList/ HTTP/1.1" 200 14105
::1 - - [29/May/2024:15:39:42 -0500] "GET /VENTAS/userList/ HTTP/1.1" 200 14105
::1 - - [29/May/2024:15:39:49 -0500] "GET / HTTP/1.1" 200 247
::1 - - [29/May/2024:15:39:55 -0500] "GET /VENTAS.rar HTTP/1.1" 200 9327794
::1 - - [29/May/2024:15:40:26 -0500] "GET / HTTP/1.1" 200 201
::1 - - [29/May/2024:15:40:27 -0500] "GET /VENTAS/ HTTP/1.1" 200 1761
::1 - - [29/May/2024:15:40:39 -0500] "POST /VENTAS/ HTTP/1.1" 200 1971
::1 - - [29/May/2024:15:40:53 -0500] "POST /VENTAS/ HTTP/1.1" 302 1761
::1 - - [29/May/2024:15:40:53 -0500] "GET /VENTAS/dashboard/ HTTP/1.1" 200 15141
::1 - - [29/May/2024:15:41:13 -0500] "GET /VENTAS/userNew/ HTTP/1.1" 200 15907
::1 - - [29/May/2024:15:42:24 -0500] "POST /VENTAS/app/ajax/usuarioAjax.php HTTP/1.1" 200 132
::1 - - [29/May/2024:15:42:30 -0500] "POST /VENTAS/app/ajax/usuarioAjax.php HTTP/1.1" 200 441
::1 - - [29/May/2024:15:42:42 -0500] "GET /VENTAS/userList/ HTTP/1.1" 200 15806
::1 - - [29/May/2024:15:42:50 -0500] "GET /VENTAS/userPhoto/2/ HTTP/1.1" 200 1165
::1 - - [29/May/2024:15:42:52 -0500] "GET /VENTAS/userList/ HTTP/1.1" 200 15806
::1 - - [29/May/2024:15:43:03 -0500] "GET /VENTAS/cashierNew/ HTTP/1.1" 200 14640
::1 - - [29/May/2024:15:43:11 -0500] "GET /VENTAS/cashierList/ HTTP/1.1" 200 16341
::1 - - [29/May/2024:15:43:25 -0500] "GET /VENTAS/dashboard/ HTTP/1.1" 200 15141
::1 - - [29/May/2024:15:43:32 -0500] "GET /VENTAS/categoryList/ HTTP/1.1" 200 15751
::1 - - [29/May/2024:15:43:59 -0500] "GET /VENTAS/productCategory/1/ HTTP/1.1" 200 16227
::1 - - [29/May/2024:15:44:14 -0500] "GET /VENTAS/productPhoto/1/ HTTP/1.1" 200 13912
::1 - - [29/May/2024:15:44:19 -0500] "GET /VENTAS/productCategory/1/ HTTP/1.1" 200 16227
::1 - - [29/May/2024:15:44:25 -0500] "GET /VENTAS/productList/ HTTP/1.1" 200 15741
::1 - - [29/May/2024:15:44:35 -0500] "GET /VENTAS/saleList/ HTTP/1.1" 200 18556
::1 - - [29/May/2024:15:44:52 -0500] "GET /VENTAS/app/pdf/ticket.php?code=O6Q5M8U9S8-2 HTTP/1.1" 200 2467
::1 - - [29/May/2024:15:45:52 -0500] "-" 408 -
::1 - - [29/May/2024:17:34:08 -0500] "-" 408 -
::1 - - [29/May/2024:20:59:11 -0500] "POST /phpmyadmin/index.php?route=/ HTTP/1.1" 200 2284
::1 - - [29/May/2024:20:59:12 -0500] "GET /phpmyadmin/themes/pmahomme/img/s_error.png HTTP/1.1" 200 614
::1 - - [29/May/2024:20:59:12 -0500] "GET /phpmyadmin/themes/pmahomme/img/logo_right.png HTTP/1.1" 304 -
::1 - - [30/May/2024:00:49:39 -0500] "GET / HTTP/1.1" 200 201
::1 - - [30/May/2024:00:49:40 -0500] "GET /VENTAS/ HTTP/1.1" 200 256
::1 - - [30/May/2024:00:50:01 -0500] "GET /VENTAS/ HTTP/1.1" 200 256
::1 - - [30/May/2024:00:50:03 -0500] "GET /VENTAS/VENTAS/ HTTP/1.1" 200 1761
::1 - - [30/May/2024:00:50:03 -0500] "GET /VENTAS/app/views/css/all.css HTTP/1.1" 404 196
::1 - - [30/May/2024:00:50:03 -0500] "GET /VENTAS/app/views/css/estilos.css HTTP/1.1" 404 196
::1 - - [30/May/2024:00:50:17 -0500] "POST /VENTAS/VENTAS/ HTTP/1.1" 302 1761
::1 - - [30/May/2024:00:50:18 -0500] "GET /VENTAS/dashboard/ HTTP/1.1" 404 196
::1 - - [30/May/2024:00:50:37 -0500] "GET /VENTAS/VENTAS/ HTTP/1.1" 200 1761
::1 - - [30/May/2024:00:51:22 -0500] "POST /VENTAS/VENTAS/ HTTP/1.1" 302 1761
::1 - - [30/May/2024:00:51:22 -0500] "GET /VENTAS/dashboard/ HTTP/1.1" 404 196
::1 - - [30/May/2024:00:52:22 -0500] "-" 408 -
::1 - - [30/May/2024:00:52:28 -0500] "GET /phpmyadmin/ HTTP/1.1" 200 4584
::1 - - [30/May/2024:00:52:29 -0500] "GET /phpmyadmin/js/vendor/codemirror/lib/codemirror.css?v=5.2.1 HTTP/1.1" 304 -
::1 - - [30/May/2024:00:52:29 -0500] "GET /phpmyadmin/js/vendor/codemirror/addon/hint/show-hint.css?v=5.2.1 HTTP/1.1" 304 -
::1 - - [30/May/2024:00:52:29 -0500] "GET /phpmyadmin/themes/pmahomme/css/theme.css?v=5.2.1 HTTP/1.1" 304 -
::1 - - [30/May/2024:00:52:29 -0500] "GET /phpmyadmin/js/vendor/jquery/jquery-migrate.min.js?v=5.2.1 HTTP/1.1" 304 -
::1 - - [30/May/2024:00:52:29 -0500] "GET /phpmyadmin/js/vendor/codemirror/addon/lint/lint.css?v=5.2.1 HTTP/1.1" 304 -
::1 - - [30/May/2024:00:52:29 -0500] "GET /phpmyadmin/js/vendor/jquery/jquery.min.js?v=5.2.1 HTTP/1.1" 304 -
::1 - - [30/May/2024:00:52:29 -0500] "GET /phpmyadmin/js/vendor/sprintf.js?v=5.2.1 HTTP/1.1" 304 -
::1 - - [30/May/2024:00:52:29 -0500] "GET /phpmyadmin/js/dist/ajax.js?v=5.2.1 HTTP/1.1" 304 -
::1 - - [30/May/2024:00:52:29 -0500] "GET /phpmyadmin/js/dist/keyhandler.js?v=5.2.1 HTTP/1.1" 304 -
::1 - - [30/May/2024:00:52:29 -0500] "GET /phpmyadmin/js/vendor/jquery/jquery-ui.min.js?v=5.2.1 HTTP/1.1" 304 -
::1 - - [30/May/2024:00:52:29 -0500] "GET /phpmyadmin/js/dist/name-conflict-fixes.js?v=5.2.1 HTTP/1.1" 304 -
::1 - - [30/May/2024:00:52:29 -0500] "GET /phpmyadmin/js/vendor/bootstrap/bootstrap.bundle.min.js?v=5.2.1 HTTP/1.1" 304 -
::1 - - [30/May/2024:00:52:29 -0500] "GET /phpmyadmin/js/vendor/js.cookie.js?v=5.2.1 HTTP/1.1" 304 -
::1 - - [30/May/2024:00:52:29 -0500] "GET /phpmyadmin/js/vendor/jquery/jquery.validate.min.js?v=5.2.1 HTTP/1.1" 304 -
::1 - - [30/May/2024:00:52:29 -0500] "GET /phpmyadmin/js/vendor/jquery/jquery.debounce-1.0.6.js?v=5.2.1 HTTP/1.1" 304 -
::1 - - [30/May/2024:00:52:29 -0500] "GET /phpmyadmin/js/dist/menu_resizer.js?v=5.2.1 HTTP/1.1" 304 -
::1 - - [30/May/2024:00:52:29 -0500] "GET /phpmyadmin/js/vendor/jquery/jquery-ui-timepicker-addon.js?v=5.2.1 HTTP/1.1" 304 -
::1 - - [30/May/2024:00:52:29 -0500] "GET /phpmyadmin/js/dist/cross_framing_protection.js?v=5.2.1 HTTP/1.1" 304 -
::1 - - [30/May/2024:00:52:29 -0500] "GET /phpmyadmin/js/dist/config.js?v=5.2.1 HTTP/1.1" 304 -
::1 - - [30/May/2024:00:52:29 -0500] "GET /phpmyadmin/js/dist/doclinks.js?v=5.2.1 HTTP/1.1" 304 -
::1 - - [30/May/2024:00:52:29 -0500] "GET /phpmyadmin/js/dist/functions.js?v=5.2.1 HTTP/1.1" 304 -
::1 - - [30/May/2024:00:52:29 -0500] "GET /phpmyadmin/js/dist/navigation.js?v=5.2.1 HTTP/1.1" 304 -
::1 - - [30/May/2024:00:52:29 -0500] "GET /phpmyadmin/js/dist/page_settings.js?v=5.2.1 HTTP/1.1" 304 -
::1 - - [30/May/2024:00:52:29 -0500] "GET /phpmyadmin/js/dist/common.js?v=5.2.1 HTTP/1.1" 304 -
::1 - - [30/May/2024:00:52:29 -0500] "GET /phpmyadmin/js/dist/indexes.js?v=5.2.1 HTTP/1.1" 304 -
::1 - - [30/May/2024:00:52:29 -0500] "GET /phpmyadmin/js/vendor/codemirror/lib/codemirror.js?v=5.2.1 HTTP/1.1" 304 -
::1 - - [30/May/2024:00:52:29 -0500] "GET /phpmyadmin/js/vendor/codemirror/mode/sql/sql.js?v=5.2.1 HTTP/1.1" 304 -
::1 - - [30/May/2024:00:52:29 -0500] "GET /phpmyadmin/js/vendor/codemirror/addon/hint/show-hint.js?v=5.2.1 HTTP/1.1" 304 -
::1 - - [30/May/2024:00:52:29 -0500] "GET /phpmyadmin/js/vendor/codemirror/addon/runmode/runmode.js?v=5.2.1 HTTP/1.1" 304 -
::1 - - [30/May/2024:00:52:29 -0500] "GET /phpmyadmin/js/vendor/tracekit.js?v=5.2.1 HTTP/1.1" 304 -
::1 - - [30/May/2024:00:52:29 -0500] "GET /phpmyadmin/js/vendor/codemirror/addon/hint/sql-hint.js?v=5.2.1 HTTP/1.1" 304 -
::1 - - [30/May/2024:00:52:29 -0500] "GET /phpmyadmin/js/vendor/codemirror/addon/lint/lint.js?v=5.2.1 HTTP/1.1" 304 -
::1 - - [30/May/2024:00:52:29 -0500] "GET /phpmyadmin/js/dist/error_report.js?v=5.2.1 HTTP/1.1" 304 -
::1 - - [30/May/2024:00:52:29 -0500] "GET /phpmyadmin/js/dist/codemirror/addon/lint/sql-lint.js?v=5.2.1 HTTP/1.1" 304 -
::1 - - [30/May/2024:00:52:29 -0500] "GET /phpmyadmin/js/dist/console.js?v=5.2.1 HTTP/1.1" 304 -
::1 - - [30/May/2024:00:52:29 -0500] "GET /phpmyadmin/js/dist/shortcuts_handler.js?v=5.2.1 HTTP/1.1" 304 -
::1 - - [30/May/2024:00:52:29 -0500] "GET /phpmyadmin/js/dist/drag_drop_import.js?v=5.2.1 HTTP/1.1" 304 -
::1 - - [30/May/2024:00:52:29 -0500] "GET /phpmyadmin/themes/pmahomme/img/logo_right.png HTTP/1.1" 304 -
::1 - - [30/May/2024:00:52:29 -0500] "GET /phpmyadmin/js/messages.php?l=es&v=5.2.1 HTTP/1.1" 200 8971
::1 - - [30/May/2024:00:52:34 -0500] "POST /phpmyadmin/index.php?route=/ HTTP/1.1" 302 20
::1 - - [30/May/2024:00:52:34 -0500] "GET /phpmyadmin/index.php?route=/&route=%2F HTTP/1.1" 200 17936
::1 - - [30/May/2024:00:52:34 -0500] "GET /phpmyadmin/js/dist/home.js?v=5.2.1 HTTP/1.1" 304 -
::1 - - [30/May/2024:00:52:34 -0500] "GET /phpmyadmin/themes/pmahomme/img/s_collapseall.png HTTP/1.1" 304 -
::1 - - [30/May/2024:00:52:34 -0500] "GET /phpmyadmin/themes/pmahomme/img/s_tbl.png HTTP/1.1" 304 -
::1 - - [30/May/2024:00:52:34 -0500] "GET /phpmyadmin/themes/pmahomme/img/s_passwd.png HTTP/1.1" 304 -
::1 - - [30/May/2024:00:52:34 -0500] "GET /phpmyadmin/themes/pmahomme/img/s_attention.png HTTP/1.1" 304 -
::1 - - [30/May/2024:00:52:34 -0500] "POST /phpmyadmin/index.php?route=/config/get HTTP/1.1" 200 1549
::1 - - [30/May/2024:00:52:34 -0500] "POST /phpmyadmin/index.php?route=/navigation&ajax_request=1 HTTP/1.1" 200 2299
::1 - - [30/May/2024:00:52:34 -0500] "POST /phpmyadmin/index.php?route=/config/get HTTP/1.1" 200 1641
::1 - - [30/May/2024:00:52:34 -0500] "POST /phpmyadmin/index.php?route=/version-check HTTP/1.1" 200 64
::1 - - [30/May/2024:00:52:35 -0500] "POST /phpmyadmin/index.php?route=/config/set HTTP/1.1" 200 1541
::1 - - [30/May/2024:00:52:50 -0500] "GET / HTTP/1.1" 200 201
::1 - - [30/May/2024:00:52:52 -0500] "GET /VENTAS/ HTTP/1.1" 200 256
::1 - - [30/May/2024:00:52:54 -0500] "GET /VENTAS/VENTAS/ HTTP/1.1" 200 1761
::1 - - [30/May/2024:00:52:54 -0500] "GET /VENTAS/app/views/css/all.css HTTP/1.1" 404 196
::1 - - [30/May/2024:00:52:54 -0500] "GET /VENTAS/app/views/css/estilos.css HTTP/1.1" 404 196
::1 - - [30/May/2024:00:53:09 -0500] "POST /VENTAS/VENTAS/ HTTP/1.1" 302 1761
::1 - - [30/May/2024:00:53:09 -0500] "GET /VENTAS/dashboard/ HTTP/1.1" 404 196
::1 - - [30/May/2024:00:57:29 -0500] "GET /VENTAS/dashboard/ HTTP/1.1" 404 196
::1 - - [30/May/2024:00:57:30 -0500] "GET /VENTAS/dashboard/ HTTP/1.1" 404 196
::1 - - [30/May/2024:00:57:30 -0500] "GET /VENTAS/dashboard/ HTTP/1.1" 404 196
::1 - - [30/May/2024:00:57:31 -0500] "GET /VENTAS/dashboard/ HTTP/1.1" 404 196
::1 - - [30/May/2024:00:57:34 -0500] "GET / HTTP/1.1" 200 201
::1 - - [30/May/2024:00:57:36 -0500] "GET /VENTAS/ HTTP/1.1" 200 256
::1 - - [30/May/2024:00:57:38 -0500] "GET /VENTAS/VENTAS/ HTTP/1.1" 200 1761
::1 - - [30/May/2024:00:57:38 -0500] "GET /VENTAS/app/views/css/all.css HTTP/1.1" 404 196
::1 - - [30/May/2024:00:57:38 -0500] "GET /VENTAS/app/views/css/estilos.css HTTP/1.1" 404 196
::1 - - [30/May/2024:00:57:55 -0500] "POST /VENTAS/VENTAS/ HTTP/1.1" 302 1761
::1 - - [30/May/2024:00:57:55 -0500] "GET /VENTAS/dashboard/ HTTP/1.1" 404 196
::1 - - [30/May/2024:00:58:13 -0500] "GET / HTTP/1.1" 200 201
::1 - - [30/May/2024:00:58:16 -0500] "GET /VENTAS/ HTTP/1.1" 200 256
::1 - - [30/May/2024:00:58:24 -0500] "GET /phpmyadmin/ HTTP/1.1" 200 4579
::1 - - [30/May/2024:00:58:29 -0500] "POST /phpmyadmin/index.php?route=/ HTTP/1.1" 302 20
::1 - - [30/May/2024:00:58:29 -0500] "GET /phpmyadmin/index.php?route=/&route=%2F HTTP/1.1" 200 17938
::1 - - [30/May/2024:00:58:29 -0500] "POST /phpmyadmin/index.php?route=/config/get HTTP/1.1" 200 1549
::1 - - [30/May/2024:00:58:29 -0500] "POST /phpmyadmin/index.php?route=/config/get HTTP/1.1" 200 1642
::1 - - [30/May/2024:00:58:29 -0500] "POST /phpmyadmin/index.php?route=/navigation&ajax_request=1 HTTP/1.1" 200 2300
::1 - - [30/May/2024:00:58:29 -0500] "POST /phpmyadmin/index.php?route=/version-check HTTP/1.1" 200 64
::1 - - [30/May/2024:00:58:30 -0500] "POST /phpmyadmin/index.php?route=/config/set HTTP/1.1" 200 1541
::1 - - [30/May/2024:00:58:37 -0500] "POST /phpmyadmin/index.php?route=/navigation&ajax_request=1 HTTP/1.1" 200 2193
::1 - - [30/May/2024:00:58:47 -0500] "GET / HTTP/1.1" 200 201
::1 - - [30/May/2024:00:58:47 -0500] "GET /favicon.ico HTTP/1.1" 404 196
::1 - - [30/May/2024:00:58:49 -0500] "GET /VENTAS/ HTTP/1.1" 200 256
::1 - - [30/May/2024:00:58:50 -0500] "GET /VENTAS/VENTAS/ HTTP/1.1" 200 1761
::1 - - [30/May/2024:00:58:50 -0500] "GET /VENTAS/app/views/css/bulma.min.css HTTP/1.1" 404 196
::1 - - [30/May/2024:00:58:50 -0500] "GET /VENTAS/app/views/css/all.css HTTP/1.1" 404 196
::1 - - [30/May/2024:00:58:50 -0500] "GET /VENTAS/app/views/css/estilos.css HTTP/1.1" 404 196
::1 - - [30/May/2024:00:58:50 -0500] "GET /VENTAS/app/views/css/sweetalert2.min.css HTTP/1.1" 404 196
::1 - - [30/May/2024:00:58:50 -0500] "GET /VENTAS/app/views/js/sweetalert2.all.min.js HTTP/1.1" 404 196
::1 - - [30/May/2024:00:58:50 -0500] "GET /VENTAS/app/views/js/ajax.js HTTP/1.1" 404 196
::1 - - [30/May/2024:00:58:50 -0500] "GET /VENTAS/app/views/js/main.js HTTP/1.1" 404 196
::1 - - [30/May/2024:00:59:05 -0500] "POST /VENTAS/VENTAS/ HTTP/1.1" 302 1761
::1 - - [30/May/2024:00:59:05 -0500] "GET /VENTAS/dashboard/ HTTP/1.1" 404 196
::1 - - [30/May/2024:00:59:36 -0500] "GET / HTTP/1.1" 200 201
::1 - - [30/May/2024:00:59:39 -0500] "GET /VENTAS/ HTTP/1.1" 200 256
::1 - - [30/May/2024:00:59:40 -0500] "GET /VENTAS/VENTAS/ HTTP/1.1" 200 1761
::1 - - [30/May/2024:00:59:40 -0500] "GET /VENTAS/app/views/css/all.css HTTP/1.1" 404 196
::1 - - [30/May/2024:00:59:40 -0500] "GET /VENTAS/app/views/css/estilos.css HTTP/1.1" 404 196
::1 - - [30/May/2024:00:59:44 -0500] "POST /VENTAS/VENTAS/ HTTP/1.1" 302 1761
::1 - - [30/May/2024:00:59:44 -0500] "GET /VENTAS/dashboard/ HTTP/1.1" 404 196
::1 - - [30/May/2024:01:15:37 -0500] "GET / HTTP/1.1" 200 201
::1 - - [30/May/2024:01:15:43 -0500] "GET /VENTAS/ HTTP/1.1" 200 256
::1 - - [30/May/2024:01:15:46 -0500] "GET /VENTAS/VENTAS/ HTTP/1.1" 200 1761
::1 - - [30/May/2024:01:15:46 -0500] "GET /VENTAS/app/views/css/all.css HTTP/1.1" 404 196
::1 - - [30/May/2024:01:15:46 -0500] "GET /VENTAS/app/views/css/estilos.css HTTP/1.1" 404 196
::1 - - [30/May/2024:01:16:04 -0500] "POST /VENTAS/VENTAS/ HTTP/1.1" 302 1761
::1 - - [30/May/2024:01:16:04 -0500] "GET /VENTAS/dashboard/ HTTP/1.1" 404 196
::1 - - [30/May/2024:01:16:46 -0500] "GET / HTTP/1.1" 200 201
::1 - - [30/May/2024:01:16:46 -0500] "GET /favicon.ico HTTP/1.1" 404 196
::1 - - [30/May/2024:01:16:48 -0500] "GET /VENTAS/ HTTP/1.1" 200 256
::1 - - [30/May/2024:01:16:49 -0500] "GET /VENTAS/VENTAS/ HTTP/1.1" 200 1761
::1 - - [30/May/2024:01:16:49 -0500] "GET /VENTAS/app/views/css/bulma.min.css HTTP/1.1" 404 196
::1 - - [30/May/2024:01:16:49 -0500] "GET /VENTAS/app/views/css/all.css HTTP/1.1" 404 196
::1 - - [30/May/2024:01:16:49 -0500] "GET /VENTAS/app/views/css/estilos.css HTTP/1.1" 404 196
::1 - - [30/May/2024:01:16:49 -0500] "GET /VENTAS/app/views/js/sweetalert2.all.min.js HTTP/1.1" 404 196
::1 - - [30/May/2024:01:16:49 -0500] "GET /VENTAS/app/views/css/sweetalert2.min.css HTTP/1.1" 404 196
::1 - - [30/May/2024:01:16:49 -0500] "GET /VENTAS/app/views/js/ajax.js HTTP/1.1" 404 196
::1 - - [30/May/2024:01:16:49 -0500] "GET /VENTAS/app/views/js/main.js HTTP/1.1" 404 196
::1 - - [30/May/2024:01:17:09 -0500] "POST /VENTAS/VENTAS/ HTTP/1.1" 302 1761
::1 - - [30/May/2024:01:17:09 -0500] "GET /VENTAS/dashboard/ HTTP/1.1" 404 196
::1 - - [30/May/2024:01:17:56 -0500] "GET / HTTP/1.1" 200 201
::1 - - [30/May/2024:01:17:58 -0500] "GET /VENTAS/ HTTP/1.1" 200 1761
::1 - - [30/May/2024:01:17:58 -0500] "GET /VENTAS/app/views/css/bulma.min.css HTTP/1.1" 200 207302
::1 - - [30/May/2024:01:17:58 -0500] "GET /VENTAS/app/views/css/all.css HTTP/1.1" 200 72670
::1 - - [30/May/2024:01:17:58 -0500] "GET /VENTAS/app/views/css/estilos.css HTTP/1.1" 200 7704
::1 - - [30/May/2024:01:17:58 -0500] "GET /VENTAS/app/views/css/sweetalert2.min.css HTTP/1.1" 200 23851
::1 - - [30/May/2024:01:17:58 -0500] "GET /VENTAS/app/views/js/ajax.js HTTP/1.1" 200 3147
::1 - - [30/May/2024:01:17:58 -0500] "GET /VENTAS/app/views/js/main.js HTTP/1.1" 200 2277
::1 - - [30/May/2024:01:17:58 -0500] "GET /VENTAS/app/views/js/sweetalert2.all.min.js HTTP/1.1" 200 68025
::1 - - [30/May/2024:01:17:58 -0500] "GET /VENTAS/app/views/webfonts/roboto-regular.ttf HTTP/1.1" 200 51348
::1 - - [30/May/2024:01:17:58 -0500] "GET /VENTAS/app/views/webfonts/fa-solid-900.woff2 HTTP/1.1" 200 79444
::1 - - [30/May/2024:01:18:11 -0500] "POST /VENTAS/ HTTP/1.1" 200 1971
::1 - - [30/May/2024:01:18:21 -0500] "POST /VENTAS/ HTTP/1.1" 302 1761
::1 - - [30/May/2024:01:18:21 -0500] "GET /VENTAS/app/views/fotos/default.png.png HTTP/1.1" 200 376416
::1 - - [30/May/2024:01:18:21 -0500] "GET /VENTAS/dashboard/ HTTP/1.1" 200 15141
::1 - - [30/May/2024:01:18:21 -0500] "GET /VENTAS/app/views/webfonts/oswald-light.ttf HTTP/1.1" 200 47080
::1 - - [30/May/2024:01:18:21 -0500] "GET /VENTAS/app/views/webfonts/fa-brands-400.woff2 HTTP/1.1" 200 76612
::1 - - [30/May/2024:01:18:21 -0500] "GET /VENTAS/app/views/webfonts/robotocondensed-light.ttf HTTP/1.1" 200 52296
::1 - - [30/May/2024:01:18:21 -0500] "GET /VENTAS/app/views/fotos/default.png HTTP/1.1" 200 10255
::1 - - [30/May/2024:01:48:11 -0500] "GET /VENTAS/productNew/ HTTP/1.1" 200 17116
::1 - - [30/May/2024:01:48:11 -0500] "GET /VENTAS/app/views/webfonts/fa-regular-400.woff2 HTTP/1.1" 200 13584
::1 - - [30/May/2024:01:56:29 -0500] "POST /VENTAS/app/ajax/productoAjax.php HTTP/1.1" 200 441
::1 - - [30/May/2024:02:02:17 -0500] "POST /VENTAS/app/ajax/productoAjax.php HTTP/1.1" 200 155
::1 - - [30/May/2024:02:07:01 -0500] "POST /VENTAS/app/ajax/productoAjax.php HTTP/1.1" 200 172
::1 - - [30/May/2024:02:07:06 -0500] "POST /VENTAS/app/ajax/productoAjax.php HTTP/1.1" 200 172
::1 - - [30/May/2024:02:07:16 -0500] "POST /VENTAS/app/ajax/productoAjax.php HTTP/1.1" 200 172
::1 - - [30/May/2024:02:07:24 -0500] "GET /VENTAS/productList/ HTTP/1.1" 200 17613
::1 - - [30/May/2024:02:07:24 -0500] "GET /VENTAS/app/views/productos/default.png HTTP/1.1" 200 15825
::1 - - [30/May/2024:02:08:24 -0500] "-" 408 -
::1 - - [30/May/2024:02:10:07 -0500] "GET /VENTAS/productUpdate/1/ HTTP/1.1" 200 17746
::1 - - [30/May/2024:02:10:13 -0500] "GET /VENTAS/productList/ HTTP/1.1" 200 17613
::1 - - [30/May/2024:02:10:16 -0500] "GET /VENTAS/productPhoto/1/ HTTP/1.1" 200 13912
::1 - - [30/May/2024:02:10:20 -0500] "GET /VENTAS/productList/ HTTP/1.1" 200 17613
::1 - - [30/May/2024:02:11:03 -0500] "GET /VENTAS/productCategory/ HTTP/1.1" 200 13711
::1 - - [30/May/2024:02:11:07 -0500] "GET /VENTAS/productCategory/1/ HTTP/1.1" 200 18099
::1 - - [30/May/2024:02:12:03 -0500] "-" 408 -
::1 - - [30/May/2024:02:13:01 -0500] "GET /VENTAS/productSearch/ HTTP/1.1" 200 14057
::1 - - [30/May/2024:02:13:06 -0500] "POST /VENTAS/app/ajax/buscadorAjax.php HTTP/1.1" 200 76
::1 - - [30/May/2024:02:13:06 -0500] "GET /VENTAS/productSearch/ HTTP/1.1" 200 18270
::1 - - [30/May/2024:02:14:06 -0500] "-" 408 -
::1 - - [30/May/2024:02:14:25 -0500] "GET /VENTAS/saleNew/ HTTP/1.1" 200 29406
::1 - - [30/May/2024:02:14:31 -0500] "POST /VENTAS/app/ajax/ventaAjax.php HTTP/1.1" 200 151
::1 - - [30/May/2024:02:14:40 -0500] "POST /VENTAS/app/ajax/ventaAjax.php HTTP/1.1" 200 151
::1 - - [30/May/2024:02:18:57 -0500] "POST /VENTAS/app/ajax/ventaAjax.php HTTP/1.1" 200 151
::1 - - [30/May/2024:02:20:11 -0500] "GET /VENTAS/saleSearch/ HTTP/1.1" 200 14060
::1 - - [30/May/2024:02:21:11 -0500] "-" 408 -
::1 - - [30/May/2024:02:22:36 -0500] "POST /VENTAS/app/ajax/buscadorAjax.php HTTP/1.1" 200 73
::1 - - [30/May/2024:02:22:36 -0500] "GET /VENTAS/saleSearch/ HTTP/1.1" 200 15085
::1 - - [30/May/2024:02:23:36 -0500] "-" 408 -
::1 - - [30/May/2024:02:25:42 -0500] "-" 408 -
::1 - - [30/May/2024:08:27:55 -0500] "GET / HTTP/1.1" 200 201
::1 - - [30/May/2024:08:27:55 -0500] "GET /favicon.ico HTTP/1.1" 404 196
::1 - - [30/May/2024:08:27:58 -0500] "GET /VENTAS/ HTTP/1.1" 200 1761
::1 - - [30/May/2024:08:27:58 -0500] "GET /VENTAS/app/views/css/all.css HTTP/1.1" 304 -
::1 - - [30/May/2024:08:27:58 -0500] "GET /VENTAS/app/views/css/estilos.css HTTP/1.1" 304 -
::1 - - [30/May/2024:08:28:20 -0500] "POST /VENTAS/ HTTP/1.1" 302 1761
::1 - - [30/May/2024:08:28:20 -0500] "GET /VENTAS/app/views/fotos/default.png.png HTTP/1.1" 304 -
::1 - - [30/May/2024:08:28:20 -0500] "GET /VENTAS/dashboard/ HTTP/1.1" 200 15141
::1 - - [30/May/2024:08:29:34 -0500] "GET /VENTAS/companyNew/ HTTP/1.1" 200 14887
::1 - - [30/May/2024:08:30:14 -0500] "GET /VENTAS/userUpdate/1/ HTTP/1.1" 200 17374
::1 - - [30/May/2024:08:31:14 -0500] "-" 408 -
::1 - - [30/May/2024:08:37:47 -0500] "GET /VENTAS/companyNew/ HTTP/1.1" 200 14887
::1 - - [30/May/2024:08:38:47 -0500] "-" 408 -
::1 - - [05/Jun/2024:22:33:16 -0500] "GET / HTTP/1.1" 200 201
::1 - - [05/Jun/2024:22:33:16 -0500] "GET /favicon.ico HTTP/1.1" 404 196
::1 - - [05/Jun/2024:22:33:17 -0500] "GET /VENTAS/ HTTP/1.1" 200 1761
::1 - - [05/Jun/2024:22:33:17 -0500] "GET /VENTAS/app/views/css/all.css HTTP/1.1" 200 72670
::1 - - [05/Jun/2024:22:33:17 -0500] "GET /VENTAS/app/views/css/estilos.css HTTP/1.1" 200 7704
::1 - - [05/Jun/2024:22:33:41 -0500] "POST /VENTAS/ HTTP/1.1" 302 1761
::1 - - [05/Jun/2024:22:33:41 -0500] "GET /VENTAS/app/views/fotos/default.png.png HTTP/1.1" 200 376416
::1 - - [05/Jun/2024:22:33:41 -0500] "GET /VENTAS/dashboard/ HTTP/1.1" 200 15141
::1 - - [05/Jun/2024:23:34:02 -0500] "-" 408 -
::1 - - [05/Jun/2024:23:39:54 -0500] "-" 408 -
::1 - - [06/Jun/2024:00:14:23 -0500] "GET /VENTAS/cashierNew/ HTTP/1.1" 200 14640
::1 - - [06/Jun/2024:00:14:37 -0500] "GET /VENTAS/cashierList/ HTTP/1.1" 200 16341
::1 - - [06/Jun/2024:00:15:37 -0500] "-" 408 -
::1 - - [06/Jun/2024:00:23:20 -0500] "GET /VENTAS/cashierNew/ HTTP/1.1" 200 14640
::1 - - [06/Jun/2024:00:24:20 -0500] "-" 408 -
::1 - - [06/Jun/2024:00:25:49 -0500] "GET /VENTAS/cashierNew/ HTTP/1.1" 200 14640
::1 - - [06/Jun/2024:00:26:49 -0500] "-" 408 -
::1 - - [06/Jun/2024:00:35:33 -0500] "GET /VENTAS/dashboard/ HTTP/1.1" 200 15141
::1 - - [06/Jun/2024:00:36:33 -0500] "-" 408 -
::1 - - [06/Jun/2024:00:36:59 -0500] "GET /VENTAS/cashierNew/ HTTP/1.1" 200 14640
::1 - - [06/Jun/2024:00:37:50 -0500] "GET /VENTAS/cashierList/ HTTP/1.1" 200 16341
::1 - - [06/Jun/2024:00:38:37 -0500] "GET /VENTAS/cashierSearch/ HTTP/1.1" 200 14049
::1 - - [06/Jun/2024:00:38:48 -0500] "GET /VENTAS/cashierList/ HTTP/1.1" 200 16341
::1 - - [06/Jun/2024:00:38:56 -0500] "GET /VENTAS/cashierSearch/ HTTP/1.1" 200 14049
::1 - - [06/Jun/2024:00:39:00 -0500] "POST /VENTAS/app/ajax/buscadorAjax.php HTTP/1.1" 200 76
::1 - - [06/Jun/2024:00:39:00 -0500] "GET /VENTAS/cashierSearch/ HTTP/1.1" 200 16060
::1 - - [06/Jun/2024:00:39:56 -0500] "-" 408 -
::1 - - [06/Jun/2024:00:40:15 -0500] "GET /VENTAS/userNew/ HTTP/1.1" 200 15907
::1 - - [06/Jun/2024:00:41:15 -0500] "-" 408 -
::1 - - [06/Jun/2024:00:42:55 -0500] "-" 408 -
::1 - - [06/Jun/2024:00:43:42 -0500] "GET /VENTAS/userSearch/ HTTP/1.1" 200 14054
::1 - - [06/Jun/2024:00:43:48 -0500] "GET /VENTAS/userList/ HTTP/1.1" 200 15806
::1 - - [06/Jun/2024:00:43:54 -0500] "GET /VENTAS/userSearch/ HTTP/1.1" 200 14054
::1 - - [06/Jun/2024:00:44:01 -0500] "POST /VENTAS/app/ajax/buscadorAjax.php HTTP/1.1" 200 73
::1 - - [06/Jun/2024:00:44:01 -0500] "GET /VENTAS/userSearch/ HTTP/1.1" 200 14766
::1 - - [06/Jun/2024:00:44:04 -0500] "POST /VENTAS/app/ajax/buscadorAjax.php HTTP/1.1" 200 73
::1 - - [06/Jun/2024:00:44:04 -0500] "GET /VENTAS/userSearch/ HTTP/1.1" 200 14054
::1 - - [06/Jun/2024:00:44:09 -0500] "POST /VENTAS/app/ajax/buscadorAjax.php HTTP/1.1" 200 73
::1 - - [06/Jun/2024:00:44:09 -0500] "GET /VENTAS/userSearch/ HTTP/1.1" 200 16458
::1 - - [06/Jun/2024:00:44:37 -0500] "GET /VENTAS/clientNew/ HTTP/1.1" 200 16715
::1 - - [06/Jun/2024:00:45:20 -0500] "GET /VENTAS/clientNew/ HTTP/1.1" 200 16715
::1 - - [06/Jun/2024:00:46:02 -0500] "GET /VENTAS/clientSearch/ HTTP/1.1" 200 14054
::1 - - [06/Jun/2024:00:46:05 -0500] "GET /VENTAS/clientList/ HTTP/1.1" 200 15524
::1 - - [06/Jun/2024:00:46:10 -0500] "GET /VENTAS/clientSearch/ HTTP/1.1" 200 14054
::1 - - [06/Jun/2024:00:46:15 -0500] "POST /VENTAS/app/ajax/buscadorAjax.php HTTP/1.1" 200 75
::1 - - [06/Jun/2024:00:46:15 -0500] "GET /VENTAS/clientSearch/ HTTP/1.1" 200 16178
::1 - - [06/Jun/2024:00:46:18 -0500] "GET /VENTAS/categoryNew/ HTTP/1.1" 200 15000
::1 - - [06/Jun/2024:00:46:44 -0500] "GET /VENTAS/categoryNew/ HTTP/1.1" 200 15000
::1 - - [06/Jun/2024:00:46:51 -0500] "GET /VENTAS/categoryList/ HTTP/1.1" 200 15751
::1 - - [06/Jun/2024:00:47:51 -0500] "-" 408 -
::1 - - [06/Jun/2024:00:50:13 -0500] "GET /VENTAS/categoryNew/ HTTP/1.1" 200 15000
::1 - - [06/Jun/2024:00:50:42 -0500] "GET /VENTAS/categoryList/ HTTP/1.1" 200 15751
::1 - - [06/Jun/2024:00:50:50 -0500] "GET /VENTAS/categorySearch/ HTTP/1.1" 200 14081
::1 - - [06/Jun/2024:00:50:53 -0500] "POST /VENTAS/app/ajax/buscadorAjax.php HTTP/1.1" 200 77
::1 - - [06/Jun/2024:00:50:53 -0500] "GET /VENTAS/categorySearch/ HTTP/1.1" 200 14721
::1 - - [06/Jun/2024:00:50:58 -0500] "GET /VENTAS/categorySearch/ HTTP/1.1" 200 14721
::1 - - [06/Jun/2024:00:51:03 -0500] "POST /VENTAS/app/ajax/buscadorAjax.php HTTP/1.1" 200 77
::1 - - [06/Jun/2024:00:51:03 -0500] "GET /VENTAS/categorySearch/ HTTP/1.1" 200 14081
::1 - - [06/Jun/2024:00:51:58 -0500] "-" 408 -
::1 - - [06/Jun/2024:00:52:01 -0500] "GET /VENTAS/categorySearch/ HTTP/1.1" 200 14081
::1 - - [06/Jun/2024:00:53:01 -0500] "-" 408 -
::1 - - [06/Jun/2024:00:55:49 -0500] "GET /VENTAS/productCategory/ HTTP/1.1" 200 13711
::1 - - [06/Jun/2024:00:55:53 -0500] "GET /VENTAS/productCategory/1/ HTTP/1.1" 200 18099
::1 - - [06/Jun/2024:00:56:00 -0500] "GET /VENTAS/productList/ HTTP/1.1" 200 17613
::1 - - [06/Jun/2024:00:56:04 -0500] "GET /VENTAS/productSearch/ HTTP/1.1" 200 14057
::1 - - [06/Jun/2024:00:56:08 -0500] "POST /VENTAS/app/ajax/buscadorAjax.php HTTP/1.1" 200 76
::1 - - [06/Jun/2024:00:56:08 -0500] "GET /VENTAS/productSearch/ HTTP/1.1" 200 18268
::1 - - [06/Jun/2024:00:56:58 -0500] "GET /VENTAS/productSearch/ HTTP/1.1" 200 18268
::1 - - [06/Jun/2024:00:57:58 -0500] "-" 408 -
::1 - - [06/Jun/2024:00:58:32 -0500] "GET /VENTAS/saleNew/ HTTP/1.1" 200 29406
::1 - - [06/Jun/2024:00:58:41 -0500] "GET /VENTAS/saleList/ HTTP/1.1" 200 18556
::1 - - [06/Jun/2024:00:58:49 -0500] "GET /VENTAS/saleSearch/ HTTP/1.1" 200 14060
::1 - - [06/Jun/2024:00:58:58 -0500] "GET /VENTAS/saleList/ HTTP/1.1" 200 18556
::1 - - [06/Jun/2024:00:59:02 -0500] "GET /VENTAS/saleNew/ HTTP/1.1" 200 29406
::1 - - [06/Jun/2024:00:59:33 -0500] "POST /VENTAS/app/ajax/ventaAjax.php HTTP/1.1" 200 156
::1 - - [06/Jun/2024:00:59:43 -0500] "GET /VENTAS/saleNew/ HTTP/1.1" 200 29406
::1 - - [06/Jun/2024:00:59:57 -0500] "POST /VENTAS/app/ajax/ventaAjax.php HTTP/1.1" 200 156
::1 - - [06/Jun/2024:01:00:33 -0500] "POST /VENTAS/app/ajax/ventaAjax.php HTTP/1.1" 200 153
::1 - - [06/Jun/2024:01:00:40 -0500] "POST /VENTAS/app/ajax/ventaAjax.php HTTP/1.1" 200 959
::1 - - [06/Jun/2024:01:00:43 -0500] "POST /VENTAS/app/ajax/ventaAjax.php HTTP/1.1" 200 70
::1 - - [06/Jun/2024:01:00:43 -0500] "GET /VENTAS/saleNew/ HTTP/1.1" 200 31967
::1 - - [06/Jun/2024:01:01:23 -0500] "POST /VENTAS/app/ajax/ventaAjax.php HTTP/1.1" 200 185
::1 - - [06/Jun/2024:01:01:36 -0500] "POST /VENTAS/app/ajax/ventaAjax.php HTTP/1.1" 200 137
::1 - - [06/Jun/2024:01:01:37 -0500] "GET /VENTAS/saleNew/ HTTP/1.1" 200 30755
::1 - - [06/Jun/2024:01:02:37 -0500] "-" 408 -
::1 - - [06/Jun/2024:01:05:59 -0500] "GET /VENTAS/saleSearch/ HTTP/1.1" 200 14060
::1 - - [06/Jun/2024:01:06:02 -0500] "POST /VENTAS/app/ajax/buscadorAjax.php HTTP/1.1" 200 73
::1 - - [06/Jun/2024:01:06:02 -0500] "GET /VENTAS/saleSearch/ HTTP/1.1" 200 15085
::1 - - [06/Jun/2024:01:06:06 -0500] "POST /VENTAS/app/ajax/buscadorAjax.php HTTP/1.1" 200 73
::1 - - [06/Jun/2024:01:06:06 -0500] "GET /VENTAS/saleSearch/ HTTP/1.1" 200 14060
::1 - - [06/Jun/2024:01:06:09 -0500] "GET /VENTAS/saleList/ HTTP/1.1" 200 20393
::1 - - [06/Jun/2024:01:06:20 -0500] "GET /VENTAS/saleSearch/ HTTP/1.1" 200 14060
::1 - - [06/Jun/2024:01:06:22 -0500] "POST /VENTAS/app/ajax/buscadorAjax.php HTTP/1.1" 200 73
::1 - - [06/Jun/2024:01:06:22 -0500] "GET /VENTAS/saleSearch/ HTTP/1.1" 200 17415
::1 - - [06/Jun/2024:01:06:48 -0500] "GET /VENTAS/saleNew/ HTTP/1.1" 200 29406
::1 - - [06/Jun/2024:01:07:48 -0500] "-" 408 -
::1 - - [07/Jun/2024:18:48:36 -0500] "GET / HTTP/1.1" 200 201
::1 - - [07/Jun/2024:18:48:37 -0500] "GET /favicon.ico HTTP/1.1" 404 196
::1 - - [07/Jun/2024:18:48:38 -0500] "GET /VENTAS/ HTTP/1.1" 200 1761
::1 - - [07/Jun/2024:18:48:38 -0500] "GET /VENTAS/app/views/css/all.css HTTP/1.1" 304 -
::1 - - [07/Jun/2024:18:48:38 -0500] "GET /VENTAS/app/views/css/estilos.css HTTP/1.1" 304 -
::1 - - [07/Jun/2024:18:48:51 -0500] "POST /VENTAS/ HTTP/1.1" 302 1761
::1 - - [07/Jun/2024:18:48:51 -0500] "GET /VENTAS/app/views/fotos/default.png.png HTTP/1.1" 304 -
::1 - - [07/Jun/2024:18:48:51 -0500] "GET /VENTAS/dashboard/ HTTP/1.1" 200 15141
::1 - - [07/Jun/2024:18:49:47 -0500] "GET /phpmyadmin/ HTTP/1.1" 200 4581
::1 - - [07/Jun/2024:18:49:48 -0500] "GET /phpmyadmin/js/vendor/codemirror/lib/codemirror.css?v=5.2.1 HTTP/1.1" 304 -
::1 - - [07/Jun/2024:18:49:48 -0500] "GET /phpmyadmin/js/vendor/codemirror/addon/hint/show-hint.css?v=5.2.1 HTTP/1.1" 304 -
::1 - - [07/Jun/2024:18:49:48 -0500] "GET /phpmyadmin/js/vendor/codemirror/addon/lint/lint.css?v=5.2.1 HTTP/1.1" 304 -
::1 - - [07/Jun/2024:18:49:48 -0500] "GET /phpmyadmin/themes/pmahomme/css/theme.css?v=5.2.1 HTTP/1.1" 304 -
::1 - - [07/Jun/2024:18:49:48 -0500] "GET /phpmyadmin/js/vendor/jquery/jquery-ui.min.js?v=5.2.1 HTTP/1.1" 304 -
::1 - - [07/Jun/2024:18:49:48 -0500] "GET /phpmyadmin/js/vendor/jquery/jquery.min.js?v=5.2.1 HTTP/1.1" 304 -
::1 - - [07/Jun/2024:18:49:48 -0500] "GET /phpmyadmin/js/vendor/sprintf.js?v=5.2.1 HTTP/1.1" 304 -
::1 - - [07/Jun/2024:18:49:48 -0500] "GET /phpmyadmin/js/vendor/jquery/jquery-migrate.min.js?v=5.2.1 HTTP/1.1" 304 -
::1 - - [07/Jun/2024:18:49:48 -0500] "GET /phpmyadmin/js/dist/ajax.js?v=5.2.1 HTTP/1.1" 304 -
::1 - - [07/Jun/2024:18:49:48 -0500] "GET /phpmyadmin/js/dist/keyhandler.js?v=5.2.1 HTTP/1.1" 304 -
::1 - - [07/Jun/2024:18:49:48 -0500] "GET /phpmyadmin/js/vendor/bootstrap/bootstrap.bundle.min.js?v=5.2.1 HTTP/1.1" 304 -
::1 - - [07/Jun/2024:18:49:48 -0500] "GET /phpmyadmin/js/dist/name-conflict-fixes.js?v=5.2.1 HTTP/1.1" 304 -
::1 - - [07/Jun/2024:18:49:48 -0500] "GET /phpmyadmin/js/vendor/jquery/jquery.validate.min.js?v=5.2.1 HTTP/1.1" 304 -
::1 - - [07/Jun/2024:18:49:48 -0500] "GET /phpmyadmin/js/vendor/js.cookie.js?v=5.2.1 HTTP/1.1" 304 -
::1 - - [07/Jun/2024:18:49:48 -0500] "GET /phpmyadmin/js/vendor/jquery/jquery-ui-timepicker-addon.js?v=5.2.1 HTTP/1.1" 304 -
::1 - - [07/Jun/2024:18:49:48 -0500] "GET /phpmyadmin/js/vendor/jquery/jquery.debounce-1.0.6.js?v=5.2.1 HTTP/1.1" 304 -
::1 - - [07/Jun/2024:18:49:48 -0500] "GET /phpmyadmin/js/dist/menu_resizer.js?v=5.2.1 HTTP/1.1" 304 -
::1 - - [07/Jun/2024:18:49:48 -0500] "GET /phpmyadmin/js/dist/cross_framing_protection.js?v=5.2.1 HTTP/1.1" 304 -
::1 - - [07/Jun/2024:18:49:48 -0500] "GET /phpmyadmin/js/dist/config.js?v=5.2.1 HTTP/1.1" 304 -
::1 - - [07/Jun/2024:18:49:48 -0500] "GET /phpmyadmin/js/dist/doclinks.js?v=5.2.1 HTTP/1.1" 304 -
::1 - - [07/Jun/2024:18:49:48 -0500] "GET /phpmyadmin/js/dist/functions.js?v=5.2.1 HTTP/1.1" 304 -
::1 - - [07/Jun/2024:18:49:48 -0500] "GET /phpmyadmin/js/dist/navigation.js?v=5.2.1 HTTP/1.1" 304 -
::1 - - [07/Jun/2024:18:49:48 -0500] "GET /phpmyadmin/js/dist/common.js?v=5.2.1 HTTP/1.1" 304 -
::1 - - [07/Jun/2024:18:49:48 -0500] "GET /phpmyadmin/js/dist/page_settings.js?v=5.2.1 HTTP/1.1" 304 -
::1 - - [07/Jun/2024:18:49:48 -0500] "GET /phpmyadmin/js/dist/indexes.js?v=5.2.1 HTTP/1.1" 304 -
::1 - - [07/Jun/2024:18:49:48 -0500] "GET /phpmyadmin/js/vendor/codemirror/lib/codemirror.js?v=5.2.1 HTTP/1.1" 304 -
::1 - - [07/Jun/2024:18:49:48 -0500] "GET /phpmyadmin/js/vendor/codemirror/mode/sql/sql.js?v=5.2.1 HTTP/1.1" 304 -
::1 - - [07/Jun/2024:18:49:48 -0500] "GET /phpmyadmin/js/vendor/codemirror/addon/runmode/runmode.js?v=5.2.1 HTTP/1.1" 304 -
::1 - - [07/Jun/2024:18:49:48 -0500] "GET /phpmyadmin/js/vendor/codemirror/addon/hint/show-hint.js?v=5.2.1 HTTP/1.1" 304 -
::1 - - [07/Jun/2024:18:49:48 -0500] "GET /phpmyadmin/js/vendor/codemirror/addon/hint/sql-hint.js?v=5.2.1 HTTP/1.1" 304 -
::1 - - [07/Jun/2024:18:49:48 -0500] "GET /phpmyadmin/js/vendor/codemirror/addon/lint/lint.js?v=5.2.1 HTTP/1.1" 304 -
::1 - - [07/Jun/2024:18:49:48 -0500] "GET /phpmyadmin/js/dist/codemirror/addon/lint/sql-lint.js?v=5.2.1 HTTP/1.1" 304 -
::1 - - [07/Jun/2024:18:49:48 -0500] "GET /phpmyadmin/js/vendor/tracekit.js?v=5.2.1 HTTP/1.1" 304 -
::1 - - [07/Jun/2024:18:49:48 -0500] "GET /phpmyadmin/js/dist/error_report.js?v=5.2.1 HTTP/1.1" 304 -
::1 - - [07/Jun/2024:18:49:48 -0500] "GET /phpmyadmin/js/dist/drag_drop_import.js?v=5.2.1 HTTP/1.1" 304 -
::1 - - [07/Jun/2024:18:49:48 -0500] "GET /phpmyadmin/js/dist/shortcuts_handler.js?v=5.2.1 HTTP/1.1" 304 -
::1 - - [07/Jun/2024:18:49:48 -0500] "GET /phpmyadmin/js/dist/console.js?v=5.2.1 HTTP/1.1" 304 -
::1 - - [07/Jun/2024:18:49:48 -0500] "GET /phpmyadmin/themes/pmahomme/img/logo_right.png HTTP/1.1" 304 -
::1 - - [07/Jun/2024:18:49:48 -0500] "GET /phpmyadmin/js/messages.php?l=es&v=5.2.1 HTTP/1.1" 200 8971
